INFO: 2025-05-13 23:29:45,900: main() 'Using profile folder /home/kozo/.config/variety/'
INFO: 2025-05-13 23:29:45,902: perform_upgrade() 'Last run version was 0.8.13 or earlier, current version is 0.8.13'
INFO: 2025-05-13 23:29:45,906: process_command() 'Received command: []'
INFO: 2025-05-13 23:29:45,907: start() 'Using data_path /usr/share/variety'
INFO: 2025-05-13 23:29:45,907: load() 'Jumble loading'
INFO: 2025-05-13 23:29:45,907: _walk_modules() 'Jumble loading module in __init__ from /usr/lib/python3.13/site-packages/variety/plugins/builtin/__init__.py'
INFO: 2025-05-13 23:29:45,907: _walk_modules() 'Jumble loading module in LegacyDisplayModesPlugin from /usr/lib/python3.13/site-packages/variety/plugins/builtin/display_modes/LegacyDisplayModesPlugin.py'
INFO: 2025-05-13 23:29:45,908: load() 'Jumble found plugin class: <class 'LegacyDisplayModesPlugin.LegacyDisplayModesPlugin'>: {'name': 'LegacyDisplayModesPlugin', 'description': 'Legacy display mode for compatibility with past Variety versions', 'version': '1.0', 'author': 'Peter Levi'}'
INFO: 2025-05-13 23:29:45,908: _walk_modules() 'Jumble loading module in ResizingDisplayModesPlugin from /usr/lib/python3.13/site-packages/variety/plugins/builtin/display_modes/ResizingDisplayModesPlugin.py'
INFO: 2025-05-13 23:29:45,908: load() 'Jumble found plugin class: <class 'ResizingDisplayModesPlugin.ResizingDisplayModesPlugin'>: {'name': 'ResizingDisplayModesPlugin', 'description': 'Display modes that use image resizing within Variety', 'version': '1.0', 'author': 'Peter Levi'}'
INFO: 2025-05-13 23:29:45,908: _walk_modules() 'Jumble loading module in GnomeDisplayModesPlugin from /usr/lib/python3.13/site-packages/variety/plugins/builtin/display_modes/GnomeDisplayModesPlugin.py'
INFO: 2025-05-13 23:29:45,908: load() 'Jumble found plugin class: <class 'GnomeDisplayModesPlugin.GnomeDisplayModesPlugin'>: {'name': 'GnomeDisplayModesPlugin', 'description': 'Display modes relying on the underlying desktop environment', 'version': '1.0', 'author': 'Peter Levi'}'
INFO: 2025-05-13 23:29:45,908: _walk_modules() 'Jumble loading module in __init__ from /usr/lib/python3.13/site-packages/variety/plugins/builtin/display_modes/__init__.py'
INFO: 2025-05-13 23:29:45,909: _walk_modules() 'Jumble loading module in UrbanDictionarySource from /usr/lib/python3.13/site-packages/variety/plugins/builtin/quotes/UrbanDictionarySource.py'
INFO: 2025-05-13 23:29:45,909: load() 'Jumble found plugin class: <class 'UrbanDictionarySource.UrbanDictionarySource'>: {'name': 'Urban Dictionary', 'description': 'Displays definitions from Urban Dictionary', 'author': 'James Miller', 'version': '0.1'}'
INFO: 2025-05-13 23:29:45,909: _walk_modules() 'Jumble loading module in GoodreadsSource from /usr/lib/python3.13/site-packages/variety/plugins/builtin/quotes/GoodreadsSource.py'
INFO: 2025-05-13 23:29:45,932: load() 'Jumble found plugin class: <class 'GoodreadsSource.GoodreadsSource'>: {'name': 'Goodreads', 'description': 'Fetches quotes from Goodreads.com', 'author': 'Peter Levi', 'version': '0.1'}'
INFO: 2025-05-13 23:29:45,932: _walk_modules() 'Jumble loading module in QuotationsPageSource from /usr/lib/python3.13/site-packages/variety/plugins/builtin/quotes/QuotationsPageSource.py'
INFO: 2025-05-13 23:29:45,932: load() 'Jumble found plugin class: <class 'QuotationsPageSource.QuotationsPageSource'>: {'name': 'TheQuotationsPage.com', 'description': 'Fetches quotes from TheQuotationsPage.com', 'author': 'Peter Levi', 'version': '0.1'}'
INFO: 2025-05-13 23:29:45,932: _walk_modules() 'Jumble loading module in LocalFilesSource from /usr/lib/python3.13/site-packages/variety/plugins/builtin/quotes/LocalFilesSource.py'
INFO: 2025-05-13 23:29:45,932: load() 'Jumble found plugin class: <class 'LocalFilesSource.LocalFilesSource'>: {'name': 'Local text files', 'description': 'Displays quotes, defined in local text files.\nPut your own txt files in: ~/.config/variety/pluginconfig/quotes/.\nThe file format is:\n\nquote -- author\n.\nsecond quote -- another author\n.\netc...\n\nExample: http://rvelthuis.de/zips/quotes.txt', 'author': 'Peter Levi', 'version': '0.1'}'
INFO: 2025-05-13 23:29:45,933: _walk_modules() 'Jumble loading module in __init__ from /usr/lib/python3.13/site-packages/variety/plugins/builtin/quotes/__init__.py'
INFO: 2025-05-13 23:29:45,933: _walk_modules() 'Jumble loading module in FortuneSource from /usr/lib/python3.13/site-packages/variety/plugins/builtin/quotes/FortuneSource.py'
INFO: 2025-05-13 23:29:45,933: load() 'Jumble found plugin class: <class 'FortuneSource.FortuneSource'>: {'name': 'UNIX fortune program', 'description': 'Displays quotes using the UNIX fortune program. You may want to install additional fortune packs, e.g. fortunes-bofh-excuses.', 'author': 'Dan Jones', 'version': '0.1'}'
INFO: 2025-05-13 23:29:45,934: _walk_modules() 'Jumble loading module in WallhavenLegacyDownloader from /usr/lib/python3.13/site-packages/variety/plugins/builtin/downloaders/WallhavenLegacyDownloader.py'
INFO: 2025-05-13 23:29:45,934: _walk_modules() 'Jumble loading module in EarthviewDownloader from /usr/lib/python3.13/site-packages/variety/plugins/builtin/downloaders/EarthviewDownloader.py'
INFO: 2025-05-13 23:29:45,934: load() 'Jumble found plugin class: <class 'EarthviewDownloader.EarthviewDownloader'>: {'name': 'EarthviewDownloader', 'description': 'Google Earth View Wallpapers', 'author': 'Peter Levi', 'version': '0.1'}'
INFO: 2025-05-13 23:29:45,935: _walk_modules() 'Jumble loading module in UnsplashConfigurableSource from /usr/lib/python3.13/site-packages/variety/plugins/builtin/downloaders/UnsplashConfigurableSource.py'
INFO: 2025-05-13 23:29:45,935: load() 'Jumble found plugin class: <class 'UnsplashConfigurableSource.UnsplashConfigurableSource'>: {'name': 'UnsplashConfigurableSource', 'description': 'Configurable source for fetching photos from Unsplash.com', 'author': 'Peter Levi', 'version': '0.1'}'
INFO: 2025-05-13 23:29:45,936: _walk_modules() 'Jumble loading module in APODDownloader from /usr/lib/python3.13/site-packages/variety/plugins/builtin/downloaders/APODDownloader.py'
INFO: 2025-05-13 23:29:45,936: load() 'Jumble found plugin class: <class 'APODDownloader.APODDownloader'>: {'name': 'APODDownloader', 'description': 'NASA Astro Pic of the Day', 'author': 'Peter Levi', 'version': '0.1'}'
INFO: 2025-05-13 23:29:45,936: _walk_modules() 'Jumble loading module in MediaRSSSource from /usr/lib/python3.13/site-packages/variety/plugins/builtin/downloaders/MediaRSSSource.py'
INFO: 2025-05-13 23:29:45,937: load() 'Jumble found plugin class: <class 'MediaRSSSource.MediaRSSSource'>: {'name': 'MediaRSSSource', 'description': 'Configurable source for fetching images from MediaRSS feeds', 'author': 'Peter Levi', 'version': '0.1'}'
INFO: 2025-05-13 23:29:45,937: _walk_modules() 'Jumble loading module in WallhavenDownloader from /usr/lib/python3.13/site-packages/variety/plugins/builtin/downloaders/WallhavenDownloader.py'
INFO: 2025-05-13 23:29:45,937: _walk_modules() 'Jumble loading module in MediaRSSDownloader from /usr/lib/python3.13/site-packages/variety/plugins/builtin/downloaders/MediaRSSDownloader.py'
INFO: 2025-05-13 23:29:45,937: _walk_modules() 'Jumble loading module in ArtStationSource from /usr/lib/python3.13/site-packages/variety/plugins/builtin/downloaders/ArtStationSource.py'
INFO: 2025-05-13 23:29:45,938: load() 'Jumble found plugin class: <class 'ArtStationSource.ArtStationSource'>: {'name': 'ArtStationSource', 'description': 'Configurable source for fetching images from ArtStation', 'author': 'Denis Gordeev', 'version': '0.1'}'
INFO: 2025-05-13 23:29:45,938: _walk_modules() 'Jumble loading module in __init__ from /usr/lib/python3.13/site-packages/variety/plugins/builtin/downloaders/__init__.py'
INFO: 2025-05-13 23:29:45,938: _walk_modules() 'Jumble loading module in NationalGeographicDownloader from /usr/lib/python3.13/site-packages/variety/plugins/builtin/downloaders/NationalGeographicDownloader.py'
INFO: 2025-05-13 23:29:45,938: load() 'Jumble found plugin class: <class 'NationalGeographicDownloader.NationalGeographicDownloader'>: {'name': 'NationalGeographicDownloader', 'description': "National Geographic's photo of the day", 'author': 'Eric Rösch', 'version': '0.1'}'
INFO: 2025-05-13 23:29:45,938: _walk_modules() 'Jumble loading module in ArtStationDownloader from /usr/lib/python3.13/site-packages/variety/plugins/builtin/downloaders/ArtStationDownloader.py'
INFO: 2025-05-13 23:29:45,938: _walk_modules() 'Jumble loading module in RedditSource from /usr/lib/python3.13/site-packages/variety/plugins/builtin/downloaders/RedditSource.py'
INFO: 2025-05-13 23:29:45,939: load() 'Jumble found plugin class: <class 'RedditSource.RedditSource'>: {'name': 'RedditSource', 'description': 'Configurable source for fetching images from Reddit', 'author': 'Peter Levi', 'version': '0.1'}'
INFO: 2025-05-13 23:29:45,939: _walk_modules() 'Jumble loading module in WallhavenSource from /usr/lib/python3.13/site-packages/variety/plugins/builtin/downloaders/WallhavenSource.py'
INFO: 2025-05-13 23:29:45,940: load() 'Jumble found plugin class: <class 'WallhavenSource.WallhavenSource'>: {'name': 'WallhavenSource', 'description': 'Configurable source for fetching images from Wallhaven.cc', 'author': 'Peter Levi', 'version': '0.1'}'
INFO: 2025-05-13 23:29:45,940: _walk_modules() 'Jumble loading module in UnsplashDownloader from /usr/lib/python3.13/site-packages/variety/plugins/builtin/downloaders/UnsplashDownloader.py'
INFO: 2025-05-13 23:29:45,940: load() 'Jumble found plugin class: <class 'UnsplashDownloader.UnsplashDownloader'>: {'name': 'UnsplashDownloader', 'description': 'High-resolution photos from Unsplash.com', 'author': 'Peter Levi', 'version': '0.1'}'
INFO: 2025-05-13 23:29:45,940: _walk_modules() 'Jumble loading module in RedditDownloader from /usr/lib/python3.13/site-packages/variety/plugins/builtin/downloaders/RedditDownloader.py'
INFO: 2025-05-13 23:29:45,940: _walk_modules() 'Jumble loading module in BingDownloader from /usr/lib/python3.13/site-packages/variety/plugins/builtin/downloaders/BingDownloader.py'
INFO: 2025-05-13 23:29:45,943: load() 'Jumble found plugin class: <class 'BingDownloader.BingDownloader'>: {'name': 'BingDownloader', 'description': 'Bing Photo of the Day', 'author': 'Peter Levi', 'version': '0.1'}'
INFO: 2025-05-13 23:29:45,957: log_options() 'Loaded options:'
INFO: 2025-05-13 23:29:45,957: log_options() 'change_enabled = True'
INFO: 2025-05-13 23:29:45,957: log_options() 'change_interval = 180'
INFO: 2025-05-13 23:29:45,957: log_options() 'change_on_start = False'
INFO: 2025-05-13 23:29:45,957: log_options() 'clipboard_enabled = False'
INFO: 2025-05-13 23:29:45,957: log_options() 'clipboard_hosts = ['wallhaven.cc', 'wallpapers.net', 'flickr.com', 'imgur.com', 'deviantart.com', 'interfacelift.com', 'vladstudio.com', 'imageshack.us', 'deviantart.net', 'imageshack.com']'
INFO: 2025-05-13 23:29:45,957: log_options() 'clipboard_use_whitelist = True'
INFO: 2025-05-13 23:29:45,957: log_options() 'clock_date_font = Serif 30'
INFO: 2025-05-13 23:29:45,957: log_options() 'clock_enabled = False'
INFO: 2025-05-13 23:29:45,957: log_options() 'clock_filter = -density 100 -font `fc-match -f '%{file[0]}' '%CLOCK_FONT_NAME'` -pointsize %CLOCK_FONT_SIZE -gravity SouthEast -fill '#00000044' -annotate 0x0+[%HOFFSET+58]+[%VOFFSET+108] '%H:%M' -fill white -annotate 0x0+[%HOFFSET+60]+[%VOFFSET+110] '%H:%M' -font `fc-match -f '%{file[0]}' '%DATE_FONT_NAME'` -pointsize %DATE_FONT_SIZE -fill '#00000044' -annotate 0x0+[%HOFFSET+58]+[%VOFFSET+58] '%A, %B %d' -fill white -annotate 0x0+[%HOFFSET+60]+[%VOFFSET+60] '%A, %B %d''
INFO: 2025-05-13 23:29:45,957: log_options() 'clock_font = Serif 70'
INFO: 2025-05-13 23:29:45,957: log_options() 'configfile = /home/kozo/.config/variety/variety.conf'
INFO: 2025-05-13 23:29:45,957: log_options() 'copyto_enabled = False'
INFO: 2025-05-13 23:29:45,957: log_options() 'copyto_folder = Default'
INFO: 2025-05-13 23:29:45,957: log_options() 'desired_color = [160, 160, 160]'
INFO: 2025-05-13 23:29:45,957: log_options() 'desired_color_enabled = False'
INFO: 2025-05-13 23:29:45,957: log_options() 'download_folder = /home/kozo/.config/variety/Downloaded'
INFO: 2025-05-13 23:29:45,957: log_options() 'download_preference_ratio = 0.9'
INFO: 2025-05-13 23:29:45,957: log_options() 'favorites_folder = /home/kozo/.config/variety/Favorites'
INFO: 2025-05-13 23:29:45,957: log_options() 'favorites_operations = [['Downloaded', 'Copy'], ['Fetched', 'Move'], ['Others', 'Copy']]'
INFO: 2025-05-13 23:29:45,957: log_options() 'fetched_folder = /home/kozo/.config/variety/Fetched'
INFO: 2025-05-13 23:29:45,957: log_options() 'filters = [[False, 'Keep original', ''], [False, 'Grayscale', '-type Grayscale'], [False, 'Heavy blur', '-scale 20% -blur 0x10 -resize 500%'], [False, 'Soft blur', '-scale 20% -blur 0x2 -resize 500%'], [False, 'Oil painting', '-paint 8'], [False, 'Pointilism', '-spread 10 -noise 3'], [False, 'Pixellate', '-scale 3% -scale 3333%']]'
INFO: 2025-05-13 23:29:45,957: log_options() 'get_wallpaper_script = /home/kozo/.config/variety/scripts/get_wallpaper'
INFO: 2025-05-13 23:29:45,957: log_options() 'icon = Light'
INFO: 2025-05-13 23:29:45,958: log_options() 'internet_enabled = True'
INFO: 2025-05-13 23:29:45,958: log_options() 'lightness_enabled = False'
INFO: 2025-05-13 23:29:45,958: log_options() 'lightness_mode = 0'
INFO: 2025-05-13 23:29:45,958: log_options() 'min_rating = 4'
INFO: 2025-05-13 23:29:45,958: log_options() 'min_rating_enabled = False'
INFO: 2025-05-13 23:29:45,958: log_options() 'min_size = 80'
INFO: 2025-05-13 23:29:45,958: log_options() 'min_size_enabled = False'
INFO: 2025-05-13 23:29:45,958: log_options() 'name_regex = .*'
INFO: 2025-05-13 23:29:45,958: log_options() 'name_regex_enabled = False'
INFO: 2025-05-13 23:29:45,958: log_options() 'quota_enabled = True'
INFO: 2025-05-13 23:29:45,958: log_options() 'quota_size = 1000'
INFO: 2025-05-13 23:29:45,958: log_options() 'quotes_authors = '
INFO: 2025-05-13 23:29:45,958: log_options() 'quotes_bg_color = [80, 80, 80]'
INFO: 2025-05-13 23:29:45,958: log_options() 'quotes_bg_opacity = 55'
INFO: 2025-05-13 23:29:45,958: log_options() 'quotes_change_enabled = False'
INFO: 2025-05-13 23:29:45,958: log_options() 'quotes_change_interval = 300'
INFO: 2025-05-13 23:29:45,958: log_options() 'quotes_disabled_sources = ['Urban Dictionary']'
INFO: 2025-05-13 23:29:45,958: log_options() 'quotes_enabled = False'
INFO: 2025-05-13 23:29:45,958: log_options() 'quotes_favorites_file = /home/kozo/.config/variety/favorite_quotes.txt'
INFO: 2025-05-13 23:29:45,958: log_options() 'quotes_font = Serif 30'
INFO: 2025-05-13 23:29:45,958: log_options() 'quotes_hpos = 100'
INFO: 2025-05-13 23:29:45,958: log_options() 'quotes_max_length = 250'
INFO: 2025-05-13 23:29:45,958: log_options() 'quotes_tags = '
INFO: 2025-05-13 23:29:45,958: log_options() 'quotes_text_color = [255, 255, 255]'
INFO: 2025-05-13 23:29:45,958: log_options() 'quotes_text_shadow = False'
INFO: 2025-05-13 23:29:45,958: log_options() 'quotes_vpos = 40'
INFO: 2025-05-13 23:29:45,958: log_options() 'quotes_width = 70'
INFO: 2025-05-13 23:29:45,958: log_options() 'safe_mode = False'
INFO: 2025-05-13 23:29:45,958: log_options() 'set_wallpaper_script = /home/kozo/.config/variety/scripts/set_wallpaper'
INFO: 2025-05-13 23:29:45,958: log_options() 'slideshow_custom_enabled = False'
INFO: 2025-05-13 23:29:45,958: log_options() 'slideshow_custom_folder = /home/kozo'
INFO: 2025-05-13 23:29:45,958: log_options() 'slideshow_downloads_enabled = False'
INFO: 2025-05-13 23:29:45,958: log_options() 'slideshow_fade = 0.4'
INFO: 2025-05-13 23:29:45,958: log_options() 'slideshow_favorites_enabled = True'
INFO: 2025-05-13 23:29:45,958: log_options() 'slideshow_mode = Fullscreen'
INFO: 2025-05-13 23:29:45,958: log_options() 'slideshow_monitor = All'
INFO: 2025-05-13 23:29:45,958: log_options() 'slideshow_pan = 0.05'
INFO: 2025-05-13 23:29:45,958: log_options() 'slideshow_seconds = 6.0'
INFO: 2025-05-13 23:29:45,958: log_options() 'slideshow_sort_order = Random'
INFO: 2025-05-13 23:29:45,958: log_options() 'slideshow_sources_enabled = True'
INFO: 2025-05-13 23:29:45,958: log_options() 'slideshow_zoom = 0.2'
INFO: 2025-05-13 23:29:45,958: log_options() 'smart_enabled = False'
INFO: 2025-05-13 23:29:45,958: log_options() 'smart_notice_shown = False'
INFO: 2025-05-13 23:29:45,958: log_options() 'smart_register_shown = False'
INFO: 2025-05-13 23:29:45,958: log_options() 'sources = [[False, 'favorites', 'The Favorites folder'], [False, 'fetched', 'The Fetched folder'], [False, 'folder', '/usr/share/backgrounds'], [False, 'flickr', 'user:www.flickr.com/photos/peter-levi/;user_id:93647178@N00;'], [False, 'apod', "NASA's Astronomy Picture of the Day"], [False, 'bing', 'Bing Photo of the Day'], [False, 'earthview', 'Google Earth View Wallpapers'], [False, 'natgeo', "National Geographic's photo of the day"], [False, 'unsplash', 'High-resolution photos from Unsplash.com'], [True, 'folder', '/home/kozo/wallpaper'], [True, 'folder', '/home/kozo/wallpaper/2024.9'], [True, 'folder', '/home/kozo/wallpaper/2024.5'], [True, 'folder', '/home/kozo/wallpaper/2024.10'], [True, 'folder', '/home/kozo/wallpaper/2024.8'], [True, 'folder', '/home/kozo/wallpaper/2024.7'], [True, 'folder', '/home/kozo/wallpaper/2025.2'], [True, 'folder', '/home/kozo/wallpaper/2025.4'], [True, 'folder', '/home/kozo/wallpaper/2024.11'], [True, 'folder', '/home/kozo/wallpaper/2025.3'], [True, 'folder', '/home/kozo/wallpaper/2023'], [True, 'folder', '/home/kozo/wallpaper/2024.6'], [True, 'folder', '/home/kozo/wallpaper/2024.12'], [True, 'folder', '/home/kozo/wallpaper/2025.1']]'
INFO: 2025-05-13 23:29:45,958: log_options() 'stats_enabled = True'
INFO: 2025-05-13 23:29:45,958: log_options() 'stats_notice_shown = False'
INFO: 2025-05-13 23:29:45,958: log_options() 'sync_enabled = True'
INFO: 2025-05-13 23:29:45,958: log_options() 'use_landscape_enabled = True'
INFO: 2025-05-13 23:29:45,958: log_options() 'wallhaven_api_key = '
INFO: 2025-05-13 23:29:45,958: log_options() 'wallpaper_auto_rotate = False'
INFO: 2025-05-13 23:29:45,958: log_options() 'wallpaper_display_mode = os'
INFO: 2025-05-13 23:29:45,958: reload_config() 'No need to clear prepared queue'
INFO: 2025-05-13 23:29:45,958: update_indicator() 'Setting file info to: /usr/share/backgrounds/gnome/adwaita-l.jpg'
INFO: 2025-05-13 23:29:45,959: load_banned() 'Missing or invalid banned URLs list, no URLs will be banned'
INFO: 2025-05-13 23:29:45,959: load_last_change_time() 'Change interval < 6 hours, ignore persisted last_change_time, wait initially the whole interval: 180'
INFO: 2025-05-13 23:29:45,959: update_indicator() 'Setting file info to: /usr/share/backgrounds/gnome/adwaita-l.jpg'
INFO: 2025-05-13 23:29:45,959: regular_change_thread() 'regular_change thread running'
INFO: 2025-05-13 23:29:45,960: prepare_thread() 'Prepare thread running'
INFO: 2025-05-13 23:29:45,960: prepare_thread() 'Prepared buffer contains 0 images'
INFO: 2025-05-13 23:29:45,960: prepare_thread() 'Preparing some images'
INFO: 2025-05-13 23:29:45,961: update_indicator_icon() 'Creating indicator'
WARNING: 2025-05-13 23:29:45,980: create_menu() 'Variety Slideshow is not installed. This is an optional extension adding pan-and-zoom slideshows to Variety: see https://github.com/peterlevi/variety-slideshow for details'
INFO: 2025-05-13 23:29:45,981: create_indicator() 'indicator backend: AyatanaAppIndicator3'
INFO: 2025-05-13 23:29:45,988: set_from_theme_icon() 'Showing indicator icon variety-indicator from GTK theme'
INFO: 2025-05-13 23:29:46,007: prepare_thread() 'After search prepared buffer contains 76 images'
INFO: 2025-05-13 23:29:46,060: do_set_wp() 'Calling do_set_wp with /usr/share/backgrounds/gnome/adwaita-l.jpg, time: 1747150186.060477'
INFO: 2025-05-13 23:29:46,060: do_set_wp() 'Missing file or bad permissions, will not use it: /usr/share/backgrounds/gnome/adwaita-l.jpg'
INFO: 2025-05-13 23:29:47,245: reload() 'Reloading preferences dialog'
INFO: 2025-05-13 23:29:48,008: trigger_download() 'Triggering download thread to check if download needed and possible'
INFO: 2025-05-13 23:29:56,363: process_command() 'Received command: ['--preferences']'
INFO: 2025-05-13 23:29:56,365: reload() 'Reloading preferences dialog'
INFO: 2025-05-13 23:30:03,587: apply() 'Applying preferences'
INFO: 2025-05-13 23:30:03,593: set_visible() 'Showing indicator icon'
INFO: 2025-05-13 23:30:03,593: log_options() 'Loaded options:'
INFO: 2025-05-13 23:30:03,593: log_options() 'change_enabled = True'
INFO: 2025-05-13 23:30:03,593: log_options() 'change_interval = 180'
INFO: 2025-05-13 23:30:03,593: log_options() 'change_on_start = False'
INFO: 2025-05-13 23:30:03,593: log_options() 'clipboard_enabled = False'
INFO: 2025-05-13 23:30:03,593: log_options() 'clipboard_hosts = ['wallhaven.cc', 'wallpapers.net', 'flickr.com', 'imgur.com', 'deviantart.com', 'interfacelift.com', 'vladstudio.com', 'imageshack.us', 'deviantart.net', 'imageshack.com']'
INFO: 2025-05-13 23:30:03,593: log_options() 'clipboard_use_whitelist = True'
INFO: 2025-05-13 23:30:03,593: log_options() 'clock_date_font = Serif 30'
INFO: 2025-05-13 23:30:03,593: log_options() 'clock_enabled = False'
INFO: 2025-05-13 23:30:03,593: log_options() 'clock_filter = -density 100 -font `fc-match -f '%{file[0]}' '%CLOCK_FONT_NAME'` -pointsize %CLOCK_FONT_SIZE -gravity SouthEast -fill '#00000044' -annotate 0x0+[%HOFFSET+58]+[%VOFFSET+108] '%H:%M' -fill white -annotate 0x0+[%HOFFSET+60]+[%VOFFSET+110] '%H:%M' -font `fc-match -f '%{file[0]}' '%DATE_FONT_NAME'` -pointsize %DATE_FONT_SIZE -fill '#00000044' -annotate 0x0+[%HOFFSET+58]+[%VOFFSET+58] '%A, %B %d' -fill white -annotate 0x0+[%HOFFSET+60]+[%VOFFSET+60] '%A, %B %d''
INFO: 2025-05-13 23:30:03,593: log_options() 'clock_font = Serif 70'
INFO: 2025-05-13 23:30:03,593: log_options() 'configfile = /home/kozo/.config/variety/variety.conf'
INFO: 2025-05-13 23:30:03,593: log_options() 'copyto_enabled = False'
INFO: 2025-05-13 23:30:03,593: log_options() 'copyto_folder = Default'
INFO: 2025-05-13 23:30:03,594: log_options() 'desired_color = [160, 160, 160]'
INFO: 2025-05-13 23:30:03,594: log_options() 'desired_color_enabled = False'
INFO: 2025-05-13 23:30:03,594: log_options() 'download_folder = /home/kozo/.config/variety/Downloaded'
INFO: 2025-05-13 23:30:03,594: log_options() 'download_preference_ratio = 0.9'
INFO: 2025-05-13 23:30:03,594: log_options() 'favorites_folder = /home/kozo/.config/variety/Favorites'
INFO: 2025-05-13 23:30:03,594: log_options() 'favorites_operations = [['Downloaded', 'Copy'], ['Fetched', 'Move'], ['Others', 'Copy']]'
INFO: 2025-05-13 23:30:03,594: log_options() 'fetched_folder = /home/kozo/.config/variety/Fetched'
INFO: 2025-05-13 23:30:03,594: log_options() 'filters = [[False, 'Keep original', ''], [False, 'Grayscale', '-type Grayscale'], [False, 'Heavy blur', '-scale 20% -blur 0x10 -resize 500%'], [False, 'Soft blur', '-scale 20% -blur 0x2 -resize 500%'], [False, 'Oil painting', '-paint 8'], [False, 'Pointilism', '-spread 10 -noise 3'], [False, 'Pixellate', '-scale 3% -scale 3333%']]'
INFO: 2025-05-13 23:30:03,594: log_options() 'get_wallpaper_script = /home/kozo/.config/variety/scripts/get_wallpaper'
INFO: 2025-05-13 23:30:03,594: log_options() 'icon = Light'
INFO: 2025-05-13 23:30:03,594: log_options() 'internet_enabled = True'
INFO: 2025-05-13 23:30:03,594: log_options() 'lightness_enabled = False'
INFO: 2025-05-13 23:30:03,594: log_options() 'lightness_mode = 0'
INFO: 2025-05-13 23:30:03,594: log_options() 'min_rating = 4'
INFO: 2025-05-13 23:30:03,594: log_options() 'min_rating_enabled = False'
INFO: 2025-05-13 23:30:03,594: log_options() 'min_size = 80'
INFO: 2025-05-13 23:30:03,594: log_options() 'min_size_enabled = False'
INFO: 2025-05-13 23:30:03,594: log_options() 'name_regex = .*'
INFO: 2025-05-13 23:30:03,594: log_options() 'name_regex_enabled = False'
INFO: 2025-05-13 23:30:03,594: log_options() 'quota_enabled = True'
INFO: 2025-05-13 23:30:03,594: log_options() 'quota_size = 1000'
INFO: 2025-05-13 23:30:03,594: log_options() 'quotes_authors = '
INFO: 2025-05-13 23:30:03,594: log_options() 'quotes_bg_color = [80, 80, 80]'
INFO: 2025-05-13 23:30:03,594: log_options() 'quotes_bg_opacity = 55'
INFO: 2025-05-13 23:30:03,594: log_options() 'quotes_change_enabled = False'
INFO: 2025-05-13 23:30:03,594: log_options() 'quotes_change_interval = 300'
INFO: 2025-05-13 23:30:03,594: log_options() 'quotes_disabled_sources = ['Urban Dictionary']'
INFO: 2025-05-13 23:30:03,594: log_options() 'quotes_enabled = False'
INFO: 2025-05-13 23:30:03,594: log_options() 'quotes_favorites_file = /home/kozo/.config/variety/favorite_quotes.txt'
INFO: 2025-05-13 23:30:03,594: log_options() 'quotes_font = Serif 30'
INFO: 2025-05-13 23:30:03,594: log_options() 'quotes_hpos = 100'
INFO: 2025-05-13 23:30:03,594: log_options() 'quotes_max_length = 250'
INFO: 2025-05-13 23:30:03,594: log_options() 'quotes_tags = '
INFO: 2025-05-13 23:30:03,594: log_options() 'quotes_text_color = [255, 255, 255]'
INFO: 2025-05-13 23:30:03,594: log_options() 'quotes_text_shadow = False'
INFO: 2025-05-13 23:30:03,594: log_options() 'quotes_vpos = 40'
INFO: 2025-05-13 23:30:03,594: log_options() 'quotes_width = 70'
INFO: 2025-05-13 23:30:03,594: log_options() 'safe_mode = False'
INFO: 2025-05-13 23:30:03,594: log_options() 'set_wallpaper_script = /home/kozo/.config/variety/scripts/set_wallpaper'
INFO: 2025-05-13 23:30:03,594: log_options() 'slideshow_custom_enabled = False'
INFO: 2025-05-13 23:30:03,594: set_from_theme_icon() 'Showing indicator icon variety-indicator from GTK theme'
INFO: 2025-05-13 23:30:03,594: log_options() 'slideshow_custom_folder = /home/kozo'
INFO: 2025-05-13 23:30:03,594: log_options() 'slideshow_downloads_enabled = False'
INFO: 2025-05-13 23:30:03,594: log_options() 'slideshow_fade = 0.4'
INFO: 2025-05-13 23:30:03,594: log_options() 'slideshow_favorites_enabled = True'
INFO: 2025-05-13 23:30:03,595: log_options() 'slideshow_mode = Fullscreen'
INFO: 2025-05-13 23:30:03,595: log_options() 'slideshow_monitor = All'
INFO: 2025-05-13 23:30:03,595: log_options() 'slideshow_pan = 0.05'
INFO: 2025-05-13 23:30:03,595: log_options() 'slideshow_seconds = 6.0'
INFO: 2025-05-13 23:30:03,595: log_options() 'slideshow_sort_order = Random'
INFO: 2025-05-13 23:30:03,595: log_options() 'slideshow_sources_enabled = True'
INFO: 2025-05-13 23:30:03,595: log_options() 'slideshow_zoom = 0.2'
INFO: 2025-05-13 23:30:03,595: log_options() 'smart_enabled = False'
INFO: 2025-05-13 23:30:03,595: log_options() 'smart_notice_shown = False'
INFO: 2025-05-13 23:30:03,595: log_options() 'smart_register_shown = False'
INFO: 2025-05-13 23:30:03,595: log_options() 'sources = [[False, 'favorites', 'The Favorites folder'], [False, 'fetched', 'The Fetched folder'], [False, 'folder', '/usr/share/backgrounds'], [False, 'flickr', 'user:www.flickr.com/photos/peter-levi/;user_id:93647178@N00;'], [False, 'apod', "NASA's Astronomy Picture of the Day"], [False, 'bing', 'Bing Photo of the Day'], [False, 'earthview', 'Google Earth View Wallpapers'], [False, 'natgeo', "National Geographic's photo of the day"], [False, 'unsplash', 'High-resolution photos from Unsplash.com'], [True, 'folder', '/home/kozo/wallpaper'], [True, 'folder', '/home/kozo/wallpaper/2024.9'], [True, 'folder', '/home/kozo/wallpaper/2024.5'], [True, 'folder', '/home/kozo/wallpaper/2024.10'], [True, 'folder', '/home/kozo/wallpaper/2024.8'], [True, 'folder', '/home/kozo/wallpaper/2024.7'], [True, 'folder', '/home/kozo/wallpaper/2025.2'], [True, 'folder', '/home/kozo/wallpaper/2025.4'], [True, 'folder', '/home/kozo/wallpaper/2024.11'], [True, 'folder', '/home/kozo/wallpaper/2025.3'], [True, 'folder', '/home/kozo/wallpaper/2023'], [True, 'folder', '/home/kozo/wallpaper/2024.6'], [True, 'folder', '/home/kozo/wallpaper/2024.12'], [True, 'folder', '/home/kozo/wallpaper/2025.1']]'
INFO: 2025-05-13 23:30:03,595: log_options() 'stats_enabled = True'
INFO: 2025-05-13 23:30:03,595: log_options() 'stats_notice_shown = False'
INFO: 2025-05-13 23:30:03,595: log_options() 'sync_enabled = True'
INFO: 2025-05-13 23:30:03,595: log_options() 'use_landscape_enabled = True'
INFO: 2025-05-13 23:30:03,595: log_options() 'wallhaven_api_key = '
INFO: 2025-05-13 23:30:03,595: log_options() 'wallpaper_auto_rotate = False'
INFO: 2025-05-13 23:30:03,595: log_options() 'wallpaper_display_mode = os'
INFO: 2025-05-13 23:30:03,595: reload_config() 'No need to clear prepared queue'
INFO: 2025-05-13 23:30:03,595: update_indicator() 'Setting file info to: /usr/share/backgrounds/gnome/adwaita-l.jpg'
INFO: 2025-05-13 23:30:03,596: update_autostart() 'Removing autostart entry'
INFO: 2025-05-13 23:30:03,596: prepare_thread() 'Prepared buffer contains 76 images'
INFO: 2025-05-13 23:30:03,696: do_set_wp() 'Calling do_set_wp with /usr/share/backgrounds/gnome/adwaita-l.jpg, time: 1747150203.6965983'
INFO: 2025-05-13 23:30:03,696: do_set_wp() 'Missing file or bad permissions, will not use it: /usr/share/backgrounds/gnome/adwaita-l.jpg'
INFO: 2025-05-13 23:30:04,023: apply() 'Applying preferences'
INFO: 2025-05-13 23:30:04,029: set_visible() 'Showing indicator icon'
INFO: 2025-05-13 23:30:04,029: log_options() 'Loaded options:'
INFO: 2025-05-13 23:30:04,029: log_options() 'change_enabled = True'
INFO: 2025-05-13 23:30:04,029: log_options() 'change_interval = 180'
INFO: 2025-05-13 23:30:04,029: log_options() 'change_on_start = False'
INFO: 2025-05-13 23:30:04,029: log_options() 'clipboard_enabled = False'
INFO: 2025-05-13 23:30:04,029: log_options() 'clipboard_hosts = ['wallhaven.cc', 'wallpapers.net', 'flickr.com', 'imgur.com', 'deviantart.com', 'interfacelift.com', 'vladstudio.com', 'imageshack.us', 'deviantart.net', 'imageshack.com']'
INFO: 2025-05-13 23:30:04,029: log_options() 'clipboard_use_whitelist = True'
INFO: 2025-05-13 23:30:04,029: log_options() 'clock_date_font = Serif 30'
INFO: 2025-05-13 23:30:04,029: log_options() 'clock_enabled = False'
INFO: 2025-05-13 23:30:04,029: log_options() 'clock_filter = -density 100 -font `fc-match -f '%{file[0]}' '%CLOCK_FONT_NAME'` -pointsize %CLOCK_FONT_SIZE -gravity SouthEast -fill '#00000044' -annotate 0x0+[%HOFFSET+58]+[%VOFFSET+108] '%H:%M' -fill white -annotate 0x0+[%HOFFSET+60]+[%VOFFSET+110] '%H:%M' -font `fc-match -f '%{file[0]}' '%DATE_FONT_NAME'` -pointsize %DATE_FONT_SIZE -fill '#00000044' -annotate 0x0+[%HOFFSET+58]+[%VOFFSET+58] '%A, %B %d' -fill white -annotate 0x0+[%HOFFSET+60]+[%VOFFSET+60] '%A, %B %d''
INFO: 2025-05-13 23:30:04,030: log_options() 'clock_font = Serif 70'
INFO: 2025-05-13 23:30:04,030: log_options() 'configfile = /home/kozo/.config/variety/variety.conf'
INFO: 2025-05-13 23:30:04,030: log_options() 'copyto_enabled = False'
INFO: 2025-05-13 23:30:04,030: log_options() 'copyto_folder = Default'
INFO: 2025-05-13 23:30:04,030: log_options() 'desired_color = [160, 160, 160]'
INFO: 2025-05-13 23:30:04,030: log_options() 'desired_color_enabled = False'
INFO: 2025-05-13 23:30:04,030: log_options() 'download_folder = /home/kozo/.config/variety/Downloaded'
INFO: 2025-05-13 23:30:04,030: log_options() 'download_preference_ratio = 0.9'
INFO: 2025-05-13 23:30:04,030: log_options() 'favorites_folder = /home/kozo/.config/variety/Favorites'
INFO: 2025-05-13 23:30:04,030: log_options() 'favorites_operations = [['Downloaded', 'Copy'], ['Fetched', 'Move'], ['Others', 'Copy']]'
INFO: 2025-05-13 23:30:04,030: log_options() 'fetched_folder = /home/kozo/.config/variety/Fetched'
INFO: 2025-05-13 23:30:04,030: log_options() 'filters = [[False, 'Keep original', ''], [False, 'Grayscale', '-type Grayscale'], [False, 'Heavy blur', '-scale 20% -blur 0x10 -resize 500%'], [False, 'Soft blur', '-scale 20% -blur 0x2 -resize 500%'], [False, 'Oil painting', '-paint 8'], [False, 'Pointilism', '-spread 10 -noise 3'], [False, 'Pixellate', '-scale 3% -scale 3333%']]'
INFO: 2025-05-13 23:30:04,030: log_options() 'get_wallpaper_script = /home/kozo/.config/variety/scripts/get_wallpaper'
INFO: 2025-05-13 23:30:04,030: set_from_theme_icon() 'Showing indicator icon variety-indicator from GTK theme'
INFO: 2025-05-13 23:30:04,030: log_options() 'icon = Light'
INFO: 2025-05-13 23:30:04,030: log_options() 'internet_enabled = True'
INFO: 2025-05-13 23:30:04,030: log_options() 'lightness_enabled = False'
INFO: 2025-05-13 23:30:04,030: log_options() 'lightness_mode = 0'
INFO: 2025-05-13 23:30:04,030: log_options() 'min_rating = 4'
INFO: 2025-05-13 23:30:04,030: log_options() 'min_rating_enabled = False'
INFO: 2025-05-13 23:30:04,030: log_options() 'min_size = 80'
INFO: 2025-05-13 23:30:04,030: log_options() 'min_size_enabled = False'
INFO: 2025-05-13 23:30:04,030: log_options() 'name_regex = .*'
INFO: 2025-05-13 23:30:04,030: log_options() 'name_regex_enabled = False'
INFO: 2025-05-13 23:30:04,030: log_options() 'quota_enabled = True'
INFO: 2025-05-13 23:30:04,030: log_options() 'quota_size = 1000'
INFO: 2025-05-13 23:30:04,030: log_options() 'quotes_authors = '
INFO: 2025-05-13 23:30:04,030: log_options() 'quotes_bg_color = [80, 80, 80]'
INFO: 2025-05-13 23:30:04,030: log_options() 'quotes_bg_opacity = 55'
INFO: 2025-05-13 23:30:04,030: log_options() 'quotes_change_enabled = False'
INFO: 2025-05-13 23:30:04,030: log_options() 'quotes_change_interval = 300'
INFO: 2025-05-13 23:30:04,030: log_options() 'quotes_disabled_sources = ['Urban Dictionary']'
INFO: 2025-05-13 23:30:04,030: log_options() 'quotes_enabled = False'
INFO: 2025-05-13 23:30:04,030: log_options() 'quotes_favorites_file = /home/kozo/.config/variety/favorite_quotes.txt'
INFO: 2025-05-13 23:30:04,030: log_options() 'quotes_font = Serif 30'
INFO: 2025-05-13 23:30:04,030: log_options() 'quotes_hpos = 100'
INFO: 2025-05-13 23:30:04,030: log_options() 'quotes_max_length = 250'
INFO: 2025-05-13 23:30:04,030: log_options() 'quotes_tags = '
INFO: 2025-05-13 23:30:04,030: log_options() 'quotes_text_color = [255, 255, 255]'
INFO: 2025-05-13 23:30:04,030: log_options() 'quotes_text_shadow = False'
INFO: 2025-05-13 23:30:04,030: log_options() 'quotes_vpos = 40'
INFO: 2025-05-13 23:30:04,030: log_options() 'quotes_width = 70'
INFO: 2025-05-13 23:30:04,030: log_options() 'safe_mode = False'
INFO: 2025-05-13 23:30:04,030: log_options() 'set_wallpaper_script = /home/kozo/.config/variety/scripts/set_wallpaper'
INFO: 2025-05-13 23:30:04,030: log_options() 'slideshow_custom_enabled = False'
INFO: 2025-05-13 23:30:04,030: log_options() 'slideshow_custom_folder = /home/kozo'
INFO: 2025-05-13 23:30:04,030: log_options() 'slideshow_downloads_enabled = False'
INFO: 2025-05-13 23:30:04,030: log_options() 'slideshow_fade = 0.4'
INFO: 2025-05-13 23:30:04,030: log_options() 'slideshow_favorites_enabled = True'
INFO: 2025-05-13 23:30:04,030: log_options() 'slideshow_mode = Fullscreen'
INFO: 2025-05-13 23:30:04,030: log_options() 'slideshow_monitor = All'
INFO: 2025-05-13 23:30:04,030: log_options() 'slideshow_pan = 0.05'
INFO: 2025-05-13 23:30:04,030: log_options() 'slideshow_seconds = 6.0'
INFO: 2025-05-13 23:30:04,030: log_options() 'slideshow_sort_order = Random'
INFO: 2025-05-13 23:30:04,030: log_options() 'slideshow_sources_enabled = True'
INFO: 2025-05-13 23:30:04,030: log_options() 'slideshow_zoom = 0.2'
INFO: 2025-05-13 23:30:04,030: log_options() 'smart_enabled = False'
INFO: 2025-05-13 23:30:04,030: log_options() 'smart_notice_shown = False'
INFO: 2025-05-13 23:30:04,030: log_options() 'smart_register_shown = False'
INFO: 2025-05-13 23:30:04,030: log_options() 'sources = [[False, 'favorites', 'The Favorites folder'], [False, 'fetched', 'The Fetched folder'], [False, 'folder', '/usr/share/backgrounds'], [False, 'flickr', 'user:www.flickr.com/photos/peter-levi/;user_id:93647178@N00;'], [False, 'apod', "NASA's Astronomy Picture of the Day"], [False, 'bing', 'Bing Photo of the Day'], [False, 'earthview', 'Google Earth View Wallpapers'], [False, 'natgeo', "National Geographic's photo of the day"], [False, 'unsplash', 'High-resolution photos from Unsplash.com'], [True, 'folder', '/home/kozo/wallpaper'], [True, 'folder', '/home/kozo/wallpaper/2024.9'], [True, 'folder', '/home/kozo/wallpaper/2024.5'], [True, 'folder', '/home/kozo/wallpaper/2024.10'], [True, 'folder', '/home/kozo/wallpaper/2024.8'], [True, 'folder', '/home/kozo/wallpaper/2024.7'], [True, 'folder', '/home/kozo/wallpaper/2025.2'], [True, 'folder', '/home/kozo/wallpaper/2025.4'], [True, 'folder', '/home/kozo/wallpaper/2024.11'], [True, 'folder', '/home/kozo/wallpaper/2025.3'], [True, 'folder', '/home/kozo/wallpaper/2023'], [True, 'folder', '/home/kozo/wallpaper/2024.6'], [True, 'folder', '/home/kozo/wallpaper/2024.12'], [True, 'folder', '/home/kozo/wallpaper/2025.1']]'
INFO: 2025-05-13 23:30:04,030: log_options() 'stats_enabled = True'
INFO: 2025-05-13 23:30:04,030: log_options() 'stats_notice_shown = False'
INFO: 2025-05-13 23:30:04,030: log_options() 'sync_enabled = True'
INFO: 2025-05-13 23:30:04,030: log_options() 'use_landscape_enabled = True'
INFO: 2025-05-13 23:30:04,030: log_options() 'wallhaven_api_key = '
INFO: 2025-05-13 23:30:04,030: log_options() 'wallpaper_auto_rotate = False'
INFO: 2025-05-13 23:30:04,030: log_options() 'wallpaper_display_mode = os'
INFO: 2025-05-13 23:30:04,031: reload_config() 'No need to clear prepared queue'
INFO: 2025-05-13 23:30:04,031: update_indicator() 'Setting file info to: /usr/share/backgrounds/gnome/adwaita-l.jpg'
INFO: 2025-05-13 23:30:04,032: prepare_thread() 'Prepared buffer contains 76 images'
INFO: 2025-05-13 23:30:04,697: do_set_wp() 'Calling do_set_wp with /usr/share/backgrounds/gnome/adwaita-l.jpg, time: 1747150204.6970754'
INFO: 2025-05-13 23:30:04,697: do_set_wp() 'Missing file or bad permissions, will not use it: /usr/share/backgrounds/gnome/adwaita-l.jpg'
INFO: 2025-05-13 23:30:04,750: apply() 'Applying preferences'
INFO: 2025-05-13 23:30:04,753: set_visible() 'Showing indicator icon'
INFO: 2025-05-13 23:30:04,754: log_options() 'Loaded options:'
INFO: 2025-05-13 23:30:04,754: log_options() 'change_enabled = True'
INFO: 2025-05-13 23:30:04,754: log_options() 'change_interval = 180'
INFO: 2025-05-13 23:30:04,754: log_options() 'change_on_start = True'
INFO: 2025-05-13 23:30:04,754: log_options() 'clipboard_enabled = False'
INFO: 2025-05-13 23:30:04,754: log_options() 'clipboard_hosts = ['wallhaven.cc', 'wallpapers.net', 'flickr.com', 'imgur.com', 'deviantart.com', 'interfacelift.com', 'vladstudio.com', 'imageshack.us', 'deviantart.net', 'imageshack.com']'
INFO: 2025-05-13 23:30:04,754: log_options() 'clipboard_use_whitelist = True'
INFO: 2025-05-13 23:30:04,754: log_options() 'clock_date_font = Serif 30'
INFO: 2025-05-13 23:30:04,754: log_options() 'clock_enabled = False'
INFO: 2025-05-13 23:30:04,754: log_options() 'clock_filter = -density 100 -font `fc-match -f '%{file[0]}' '%CLOCK_FONT_NAME'` -pointsize %CLOCK_FONT_SIZE -gravity SouthEast -fill '#00000044' -annotate 0x0+[%HOFFSET+58]+[%VOFFSET+108] '%H:%M' -fill white -annotate 0x0+[%HOFFSET+60]+[%VOFFSET+110] '%H:%M' -font `fc-match -f '%{file[0]}' '%DATE_FONT_NAME'` -pointsize %DATE_FONT_SIZE -fill '#00000044' -annotate 0x0+[%HOFFSET+58]+[%VOFFSET+58] '%A, %B %d' -fill white -annotate 0x0+[%HOFFSET+60]+[%VOFFSET+60] '%A, %B %d''
INFO: 2025-05-13 23:30:04,754: log_options() 'clock_font = Serif 70'
INFO: 2025-05-13 23:30:04,754: log_options() 'configfile = /home/kozo/.config/variety/variety.conf'
INFO: 2025-05-13 23:30:04,754: log_options() 'copyto_enabled = False'
INFO: 2025-05-13 23:30:04,754: log_options() 'copyto_folder = Default'
INFO: 2025-05-13 23:30:04,754: log_options() 'desired_color = [160, 160, 160]'
INFO: 2025-05-13 23:30:04,754: log_options() 'desired_color_enabled = False'
INFO: 2025-05-13 23:30:04,754: set_from_theme_icon() 'Showing indicator icon variety-indicator from GTK theme'
INFO: 2025-05-13 23:30:04,754: log_options() 'download_folder = /home/kozo/.config/variety/Downloaded'
INFO: 2025-05-13 23:30:04,754: log_options() 'download_preference_ratio = 0.9'
INFO: 2025-05-13 23:30:04,754: log_options() 'favorites_folder = /home/kozo/.config/variety/Favorites'
INFO: 2025-05-13 23:30:04,754: log_options() 'favorites_operations = [['Downloaded', 'Copy'], ['Fetched', 'Move'], ['Others', 'Copy']]'
INFO: 2025-05-13 23:30:04,754: log_options() 'fetched_folder = /home/kozo/.config/variety/Fetched'
INFO: 2025-05-13 23:30:04,754: log_options() 'filters = [[False, 'Keep original', ''], [False, 'Grayscale', '-type Grayscale'], [False, 'Heavy blur', '-scale 20% -blur 0x10 -resize 500%'], [False, 'Soft blur', '-scale 20% -blur 0x2 -resize 500%'], [False, 'Oil painting', '-paint 8'], [False, 'Pointilism', '-spread 10 -noise 3'], [False, 'Pixellate', '-scale 3% -scale 3333%']]'
INFO: 2025-05-13 23:30:04,754: log_options() 'get_wallpaper_script = /home/kozo/.config/variety/scripts/get_wallpaper'
INFO: 2025-05-13 23:30:04,754: log_options() 'icon = Light'
INFO: 2025-05-13 23:30:04,754: log_options() 'internet_enabled = True'
INFO: 2025-05-13 23:30:04,754: log_options() 'lightness_enabled = False'
INFO: 2025-05-13 23:30:04,754: log_options() 'lightness_mode = 0'
INFO: 2025-05-13 23:30:04,754: log_options() 'min_rating = 4'
INFO: 2025-05-13 23:30:04,754: log_options() 'min_rating_enabled = False'
INFO: 2025-05-13 23:30:04,754: log_options() 'min_size = 80'
INFO: 2025-05-13 23:30:04,754: log_options() 'min_size_enabled = False'
INFO: 2025-05-13 23:30:04,754: log_options() 'name_regex = .*'
INFO: 2025-05-13 23:30:04,754: log_options() 'name_regex_enabled = False'
INFO: 2025-05-13 23:30:04,754: log_options() 'quota_enabled = True'
INFO: 2025-05-13 23:30:04,754: log_options() 'quota_size = 1000'
INFO: 2025-05-13 23:30:04,754: log_options() 'quotes_authors = '
INFO: 2025-05-13 23:30:04,754: log_options() 'quotes_bg_color = [80, 80, 80]'
INFO: 2025-05-13 23:30:04,754: log_options() 'quotes_bg_opacity = 55'
INFO: 2025-05-13 23:30:04,754: log_options() 'quotes_change_enabled = False'
INFO: 2025-05-13 23:30:04,754: log_options() 'quotes_change_interval = 300'
INFO: 2025-05-13 23:30:04,754: log_options() 'quotes_disabled_sources = ['Urban Dictionary']'
INFO: 2025-05-13 23:30:04,754: log_options() 'quotes_enabled = False'
INFO: 2025-05-13 23:30:04,754: log_options() 'quotes_favorites_file = /home/kozo/.config/variety/favorite_quotes.txt'
INFO: 2025-05-13 23:30:04,754: log_options() 'quotes_font = Serif 30'
INFO: 2025-05-13 23:30:04,754: log_options() 'quotes_hpos = 100'
INFO: 2025-05-13 23:30:04,754: log_options() 'quotes_max_length = 250'
INFO: 2025-05-13 23:30:04,754: log_options() 'quotes_tags = '
INFO: 2025-05-13 23:30:04,754: log_options() 'quotes_text_color = [255, 255, 255]'
INFO: 2025-05-13 23:30:04,754: log_options() 'quotes_text_shadow = False'
INFO: 2025-05-13 23:30:04,754: log_options() 'quotes_vpos = 40'
INFO: 2025-05-13 23:30:04,754: log_options() 'quotes_width = 70'
INFO: 2025-05-13 23:30:04,754: log_options() 'safe_mode = False'
INFO: 2025-05-13 23:30:04,754: log_options() 'set_wallpaper_script = /home/kozo/.config/variety/scripts/set_wallpaper'
INFO: 2025-05-13 23:30:04,754: log_options() 'slideshow_custom_enabled = False'
INFO: 2025-05-13 23:30:04,754: log_options() 'slideshow_custom_folder = /home/kozo'
INFO: 2025-05-13 23:30:04,754: log_options() 'slideshow_downloads_enabled = False'
INFO: 2025-05-13 23:30:04,754: log_options() 'slideshow_fade = 0.4'
INFO: 2025-05-13 23:30:04,754: log_options() 'slideshow_favorites_enabled = True'
INFO: 2025-05-13 23:30:04,754: log_options() 'slideshow_mode = Fullscreen'
INFO: 2025-05-13 23:30:04,754: log_options() 'slideshow_monitor = All'
INFO: 2025-05-13 23:30:04,754: log_options() 'slideshow_pan = 0.05'
INFO: 2025-05-13 23:30:04,754: log_options() 'slideshow_seconds = 6.0'
INFO: 2025-05-13 23:30:04,754: log_options() 'slideshow_sort_order = Random'
INFO: 2025-05-13 23:30:04,754: log_options() 'slideshow_sources_enabled = True'
INFO: 2025-05-13 23:30:04,754: log_options() 'slideshow_zoom = 0.2'
INFO: 2025-05-13 23:30:04,754: log_options() 'smart_enabled = False'
INFO: 2025-05-13 23:30:04,754: log_options() 'smart_notice_shown = False'
INFO: 2025-05-13 23:30:04,754: log_options() 'smart_register_shown = False'
INFO: 2025-05-13 23:30:04,754: log_options() 'sources = [[False, 'favorites', 'The Favorites folder'], [False, 'fetched', 'The Fetched folder'], [False, 'folder', '/usr/share/backgrounds'], [False, 'flickr', 'user:www.flickr.com/photos/peter-levi/;user_id:93647178@N00;'], [False, 'apod', "NASA's Astronomy Picture of the Day"], [False, 'bing', 'Bing Photo of the Day'], [False, 'earthview', 'Google Earth View Wallpapers'], [False, 'natgeo', "National Geographic's photo of the day"], [False, 'unsplash', 'High-resolution photos from Unsplash.com'], [True, 'folder', '/home/kozo/wallpaper'], [True, 'folder', '/home/kozo/wallpaper/2024.9'], [True, 'folder', '/home/kozo/wallpaper/2024.5'], [True, 'folder', '/home/kozo/wallpaper/2024.10'], [True, 'folder', '/home/kozo/wallpaper/2024.8'], [True, 'folder', '/home/kozo/wallpaper/2024.7'], [True, 'folder', '/home/kozo/wallpaper/2025.2'], [True, 'folder', '/home/kozo/wallpaper/2025.4'], [True, 'folder', '/home/kozo/wallpaper/2024.11'], [True, 'folder', '/home/kozo/wallpaper/2025.3'], [True, 'folder', '/home/kozo/wallpaper/2023'], [True, 'folder', '/home/kozo/wallpaper/2024.6'], [True, 'folder', '/home/kozo/wallpaper/2024.12'], [True, 'folder', '/home/kozo/wallpaper/2025.1']]'
INFO: 2025-05-13 23:30:04,754: log_options() 'stats_enabled = True'
INFO: 2025-05-13 23:30:04,754: log_options() 'stats_notice_shown = False'
INFO: 2025-05-13 23:30:04,754: log_options() 'sync_enabled = True'
INFO: 2025-05-13 23:30:04,754: log_options() 'use_landscape_enabled = True'
INFO: 2025-05-13 23:30:04,754: log_options() 'wallhaven_api_key = '
INFO: 2025-05-13 23:30:04,754: log_options() 'wallpaper_auto_rotate = False'
INFO: 2025-05-13 23:30:04,754: log_options() 'wallpaper_display_mode = os'
INFO: 2025-05-13 23:30:04,754: reload_config() 'No need to clear prepared queue'
INFO: 2025-05-13 23:30:04,754: update_indicator() 'Setting file info to: /usr/share/backgrounds/gnome/adwaita-l.jpg'
INFO: 2025-05-13 23:30:04,755: prepare_thread() 'Prepared buffer contains 76 images'
INFO: 2025-05-13 23:30:05,596: trigger_download() 'Triggering download thread to check if download needed and possible'
INFO: 2025-05-13 23:30:05,697: do_set_wp() 'Calling do_set_wp with /usr/share/backgrounds/gnome/adwaita-l.jpg, time: 1747150205.697621'
INFO: 2025-05-13 23:30:05,697: do_set_wp() 'Missing file or bad permissions, will not use it: /usr/share/backgrounds/gnome/adwaita-l.jpg'
INFO: 2025-05-13 23:30:05,960: server_options_thread() 'Fetching server options from https://gist.githubusercontent.com/peterlevi/a7d1dbf3a4e76e15760a/raw/fab10d0ce5cfe66377e7c650be56edb497aabbd4/variety_server_options.json'
INFO: 2025-05-13 23:30:06,032: trigger_download() 'Triggering download thread to check if download needed and possible'
INFO: 2025-05-13 23:30:06,444: server_options_thread() 'Fetched server options: {'flickr': {'min_fill_queue_interval': 1200, 'min_download_interval': 1200}, 'wallbase': {'min_fill_queue_interval': 1800, 'min_download_interval': 1800}, 'wallhaven': {'min_fill_queue_interval': 1800, 'min_download_interval': 1800}, 'wallpapers.net': {'min_fill_queue_interval': 601, 'min_download_interval': 0}, 'unsplash': {'min_fill_queue_interval': 20000000000, 'min_download_interval': 20000000000}, 'unsplash_v2': {'min_fill_queue_interval': 3600, 'min_download_interval': 1800}, 'status_message': {'0.0.1': '', '*': ''}}'
INFO: 2025-05-13 23:30:06,755: trigger_download() 'Triggering download thread to check if download needed and possible'
INFO: 2025-05-13 23:30:09,937: set_wallpaper() 'Calling set_wallpaper with /home/kozo/wallpaper/2023/电脑版4k壁纸/25Golden1_4k_8373b.jpg'
INFO: 2025-05-13 23:30:09,937: do_set_wp() 'Calling do_set_wp with /home/kozo/wallpaper/2023/电脑版4k壁纸/25Golden1_4k_8373b.jpg, time: 1747150209.937762'
INFO: 2025-05-13 23:30:09,942: update_indicator() 'Setting file info to: /home/kozo/wallpaper/2023/电脑版4k壁纸/25Golden1_4k_8373b.jpg'
INFO: 2025-05-13 23:30:11,572: set_wallpaper() 'Calling set_wallpaper with /home/kozo/wallpaper/2024.5/CloudInsect_bg_8k_3ad55.jpg'
INFO: 2025-05-13 23:30:11,572: do_set_wp() 'Calling do_set_wp with /home/kozo/wallpaper/2024.5/CloudInsect_bg_8k_3ad55.jpg, time: 1747150211.5729597'
INFO: 2025-05-13 23:30:11,579: update_indicator() 'Setting file info to: /home/kozo/wallpaper/2024.5/CloudInsect_bg_8k_3ad55.jpg'
INFO: 2025-05-13 23:30:13,629: update_indicator() 'Setting file info to: /home/kozo/wallpaper/2024.5/CloudInsect_bg_8k_3ad55.jpg'
INFO: 2025-05-13 23:30:16,316: update_indicator() 'Setting file info to: /home/kozo/wallpaper/2024.5/CloudInsect_bg_8k_3ad55.jpg'
INFO: 2025-05-13 23:30:24,552: apply() 'Applying preferences'
INFO: 2025-05-13 23:30:24,557: set_visible() 'Showing indicator icon'
INFO: 2025-05-13 23:30:24,557: set_from_theme_icon() 'Showing indicator icon variety-indicator from GTK theme'
INFO: 2025-05-13 23:30:24,557: log_options() 'Loaded options:'
INFO: 2025-05-13 23:30:24,557: log_options() 'change_enabled = True'
INFO: 2025-05-13 23:30:24,557: log_options() 'change_interval = 180'
INFO: 2025-05-13 23:30:24,557: log_options() 'change_on_start = True'
INFO: 2025-05-13 23:30:24,557: log_options() 'clipboard_enabled = False'
INFO: 2025-05-13 23:30:24,557: log_options() 'clipboard_hosts = ['wallhaven.cc', 'wallpapers.net', 'flickr.com', 'imgur.com', 'deviantart.com', 'interfacelift.com', 'vladstudio.com', 'imageshack.us', 'deviantart.net', 'imageshack.com']'
INFO: 2025-05-13 23:30:24,557: log_options() 'clipboard_use_whitelist = True'
INFO: 2025-05-13 23:30:24,557: log_options() 'clock_date_font = Serif 30'
INFO: 2025-05-13 23:30:24,557: log_options() 'clock_enabled = False'
INFO: 2025-05-13 23:30:24,557: log_options() 'clock_filter = -density 100 -font `fc-match -f '%{file[0]}' '%CLOCK_FONT_NAME'` -pointsize %CLOCK_FONT_SIZE -gravity SouthEast -fill '#00000044' -annotate 0x0+[%HOFFSET+58]+[%VOFFSET+108] '%H:%M' -fill white -annotate 0x0+[%HOFFSET+60]+[%VOFFSET+110] '%H:%M' -font `fc-match -f '%{file[0]}' '%DATE_FONT_NAME'` -pointsize %DATE_FONT_SIZE -fill '#00000044' -annotate 0x0+[%HOFFSET+58]+[%VOFFSET+58] '%A, %B %d' -fill white -annotate 0x0+[%HOFFSET+60]+[%VOFFSET+60] '%A, %B %d''
INFO: 2025-05-13 23:30:24,558: log_options() 'clock_font = Serif 70'
INFO: 2025-05-13 23:30:24,558: log_options() 'configfile = /home/kozo/.config/variety/variety.conf'
INFO: 2025-05-13 23:30:24,558: log_options() 'copyto_enabled = False'
INFO: 2025-05-13 23:30:24,558: log_options() 'copyto_folder = Default'
INFO: 2025-05-13 23:30:24,558: log_options() 'desired_color = [160, 160, 160]'
INFO: 2025-05-13 23:30:24,558: log_options() 'desired_color_enabled = False'
INFO: 2025-05-13 23:30:24,558: log_options() 'download_folder = /home/kozo/.config/variety/Downloaded'
INFO: 2025-05-13 23:30:24,558: log_options() 'download_preference_ratio = 0.9'
INFO: 2025-05-13 23:30:24,558: log_options() 'favorites_folder = /home/kozo/.config/variety/Favorites'
INFO: 2025-05-13 23:30:24,558: log_options() 'favorites_operations = [['Downloaded', 'Copy'], ['Fetched', 'Move'], ['Others', 'Copy']]'
INFO: 2025-05-13 23:30:24,558: log_options() 'fetched_folder = /home/kozo/.config/variety/Fetched'
INFO: 2025-05-13 23:30:24,558: log_options() 'filters = [[False, 'Keep original', ''], [False, 'Grayscale', '-type Grayscale'], [False, 'Heavy blur', '-scale 20% -blur 0x10 -resize 500%'], [False, 'Soft blur', '-scale 20% -blur 0x2 -resize 500%'], [False, 'Oil painting', '-paint 8'], [False, 'Pointilism', '-spread 10 -noise 3'], [False, 'Pixellate', '-scale 3% -scale 3333%']]'
INFO: 2025-05-13 23:30:24,558: log_options() 'get_wallpaper_script = /home/kozo/.config/variety/scripts/get_wallpaper'
INFO: 2025-05-13 23:30:24,558: log_options() 'icon = Light'
INFO: 2025-05-13 23:30:24,558: log_options() 'internet_enabled = True'
INFO: 2025-05-13 23:30:24,558: log_options() 'lightness_enabled = False'
INFO: 2025-05-13 23:30:24,558: log_options() 'lightness_mode = 0'
INFO: 2025-05-13 23:30:24,558: log_options() 'min_rating = 4'
INFO: 2025-05-13 23:30:24,558: log_options() 'min_rating_enabled = False'
INFO: 2025-05-13 23:30:24,558: log_options() 'min_size = 80'
INFO: 2025-05-13 23:30:24,558: log_options() 'min_size_enabled = False'
INFO: 2025-05-13 23:30:24,558: log_options() 'name_regex = .*'
INFO: 2025-05-13 23:30:24,558: log_options() 'name_regex_enabled = False'
INFO: 2025-05-13 23:30:24,558: log_options() 'quota_enabled = True'
INFO: 2025-05-13 23:30:24,558: log_options() 'quota_size = 1000'
INFO: 2025-05-13 23:30:24,558: log_options() 'quotes_authors = '
INFO: 2025-05-13 23:30:24,558: log_options() 'quotes_bg_color = [80, 80, 80]'
INFO: 2025-05-13 23:30:24,558: log_options() 'quotes_bg_opacity = 55'
INFO: 2025-05-13 23:30:24,558: log_options() 'quotes_change_enabled = False'
INFO: 2025-05-13 23:30:24,558: log_options() 'quotes_change_interval = 300'
INFO: 2025-05-13 23:30:24,558: log_options() 'quotes_disabled_sources = ['Urban Dictionary']'
INFO: 2025-05-13 23:30:24,558: log_options() 'quotes_enabled = False'
INFO: 2025-05-13 23:30:24,558: log_options() 'quotes_favorites_file = /home/kozo/.config/variety/favorite_quotes.txt'
INFO: 2025-05-13 23:30:24,558: log_options() 'quotes_font = Serif 30'
INFO: 2025-05-13 23:30:24,558: log_options() 'quotes_hpos = 100'
INFO: 2025-05-13 23:30:24,558: log_options() 'quotes_max_length = 250'
INFO: 2025-05-13 23:30:24,558: log_options() 'quotes_tags = '
INFO: 2025-05-13 23:30:24,558: log_options() 'quotes_text_color = [255, 255, 255]'
INFO: 2025-05-13 23:30:24,558: log_options() 'quotes_text_shadow = False'
INFO: 2025-05-13 23:30:24,558: log_options() 'quotes_vpos = 40'
INFO: 2025-05-13 23:30:24,558: log_options() 'quotes_width = 70'
INFO: 2025-05-13 23:30:24,558: log_options() 'safe_mode = False'
INFO: 2025-05-13 23:30:24,558: log_options() 'set_wallpaper_script = /home/kozo/.config/variety/scripts/set_wallpaper'
INFO: 2025-05-13 23:30:24,558: log_options() 'slideshow_custom_enabled = False'
INFO: 2025-05-13 23:30:24,558: log_options() 'slideshow_custom_folder = /home/kozo'
INFO: 2025-05-13 23:30:24,558: log_options() 'slideshow_downloads_enabled = False'
INFO: 2025-05-13 23:30:24,558: log_options() 'slideshow_fade = 0.4'
INFO: 2025-05-13 23:30:24,558: log_options() 'slideshow_favorites_enabled = True'
INFO: 2025-05-13 23:30:24,558: log_options() 'slideshow_mode = Fullscreen'
INFO: 2025-05-13 23:30:24,558: log_options() 'slideshow_monitor = All'
INFO: 2025-05-13 23:30:24,558: log_options() 'slideshow_pan = 0.05'
INFO: 2025-05-13 23:30:24,558: log_options() 'slideshow_seconds = 6.0'
INFO: 2025-05-13 23:30:24,558: log_options() 'slideshow_sort_order = Random'
INFO: 2025-05-13 23:30:24,558: log_options() 'slideshow_sources_enabled = True'
INFO: 2025-05-13 23:30:24,558: log_options() 'slideshow_zoom = 0.2'
INFO: 2025-05-13 23:30:24,558: log_options() 'smart_enabled = False'
INFO: 2025-05-13 23:30:24,558: log_options() 'smart_notice_shown = False'
INFO: 2025-05-13 23:30:24,558: log_options() 'smart_register_shown = False'
INFO: 2025-05-13 23:30:24,558: log_options() 'sources = [[True, 'favorites', 'The Favorites folder'], [False, 'fetched', 'The Fetched folder'], [False, 'folder', '/usr/share/backgrounds'], [False, 'flickr', 'user:www.flickr.com/photos/peter-levi/;user_id:93647178@N00;'], [False, 'apod', "NASA's Astronomy Picture of the Day"], [False, 'bing', 'Bing Photo of the Day'], [False, 'earthview', 'Google Earth View Wallpapers'], [False, 'natgeo', "National Geographic's photo of the day"], [False, 'unsplash', 'High-resolution photos from Unsplash.com'], [True, 'folder', '/home/kozo/wallpaper'], [True, 'folder', '/home/kozo/wallpaper/2024.9'], [True, 'folder', '/home/kozo/wallpaper/2024.5'], [True, 'folder', '/home/kozo/wallpaper/2024.10'], [True, 'folder', '/home/kozo/wallpaper/2024.8'], [True, 'folder', '/home/kozo/wallpaper/2024.7'], [True, 'folder', '/home/kozo/wallpaper/2025.2'], [True, 'folder', '/home/kozo/wallpaper/2025.4'], [True, 'folder', '/home/kozo/wallpaper/2024.11'], [True, 'folder', '/home/kozo/wallpaper/2025.3'], [True, 'folder', '/home/kozo/wallpaper/2023'], [True, 'folder', '/home/kozo/wallpaper/2024.6'], [True, 'folder', '/home/kozo/wallpaper/2024.12'], [True, 'folder', '/home/kozo/wallpaper/2025.1']]'
INFO: 2025-05-13 23:30:24,558: log_options() 'stats_enabled = True'
INFO: 2025-05-13 23:30:24,558: log_options() 'stats_notice_shown = False'
INFO: 2025-05-13 23:30:24,558: log_options() 'sync_enabled = True'
INFO: 2025-05-13 23:30:24,558: log_options() 'use_landscape_enabled = True'
INFO: 2025-05-13 23:30:24,558: log_options() 'wallhaven_api_key = '
INFO: 2025-05-13 23:30:24,558: log_options() 'wallpaper_auto_rotate = False'
INFO: 2025-05-13 23:30:24,558: log_options() 'wallpaper_display_mode = os'
INFO: 2025-05-13 23:30:24,558: clear_prepared_queue() 'Clearing prepared queue'
INFO: 2025-05-13 23:30:24,558: update_indicator() 'Setting file info to: /home/kozo/wallpaper/2024.5/CloudInsect_bg_8k_3ad55.jpg'
INFO: 2025-05-13 23:30:24,558: prepare_thread() 'Prepared buffer contains 0 images'
INFO: 2025-05-13 23:30:24,559: prepare_thread() 'Preparing some images'
INFO: 2025-05-13 23:30:24,576: prepare_thread() 'After search prepared buffer contains 73 images'
INFO: 2025-05-13 23:30:24,576: prepare_thread() 'Prepared buffer contains 73 images'
INFO: 2025-05-13 23:30:24,660: do_set_wp() 'Calling do_set_wp with /home/kozo/wallpaper/2024.5/CloudInsect_bg_8k_3ad55.jpg, time: 1747150224.6605623'
INFO: 2025-05-13 23:30:24,666: update_indicator() 'Setting file info to: /home/kozo/wallpaper/2024.5/CloudInsect_bg_8k_3ad55.jpg'
INFO: 2025-05-13 23:30:26,576: trigger_download() 'Triggering download thread to check if download needed and possible'
INFO: 2025-05-13 23:30:26,577: trigger_download() 'Triggering download thread to check if download needed and possible'
INFO: 2025-05-13 23:30:41,620: update_indicator() 'Setting file info to: /home/kozo/wallpaper/2024.5/CloudInsect_bg_8k_3ad55.jpg'
INFO: 2025-05-13 23:30:44,312: set_wallpaper() 'Calling set_wallpaper with /home/kozo/wallpaper/2024.7/Fragment_3_4k_33777.jpg'
INFO: 2025-05-13 23:30:44,312: do_set_wp() 'Calling do_set_wp with /home/kozo/wallpaper/2024.7/Fragment_3_4k_33777.jpg, time: 1747150244.3126884'
INFO: 2025-05-13 23:30:44,319: update_indicator() 'Setting file info to: /home/kozo/wallpaper/2024.7/Fragment_3_4k_33777.jpg'
INFO: 2025-05-13 23:30:44,728: update_indicator() 'Setting file info to: /home/kozo/wallpaper/2024.5/CloudInsect_bg_8k_3ad55.jpg'
INFO: 2025-05-13 23:30:58,158: trigger_download() 'Triggering download thread to check if download needed and possible'
INFO: 2025-05-13 23:33:04,736: move_or_copy_file() 'Copied /home/kozo/wallpaper/2024.7/Fragment_3_4k_33777.jpg to /home/kozo/.config/variety/Favorites'
INFO: 2025-05-13 23:33:04,736: update_indicator() 'Setting file info to: /home/kozo/wallpaper/2024.7/Fragment_3_4k_33777.jpg'
INFO: 2025-05-13 23:33:44,733: regular_change_thread() 'regular_change changes wallpaper'
INFO: 2025-05-13 23:33:44,734: set_wallpaper() 'Calling set_wallpaper with /home/kozo/wallpaper/2025.4/Chapter2_2_8k_8_0819c.JPG'
INFO: 2025-05-13 23:33:44,734: prepare_thread() 'Prepared buffer contains 72 images'
INFO: 2025-05-13 23:33:44,734: do_set_wp() 'Calling do_set_wp with /home/kozo/wallpaper/2025.4/Chapter2_2_8k_8_0819c.JPG, time: 1747150424.734943'
INFO: 2025-05-13 23:33:44,746: update_indicator() 'Setting file info to: /home/kozo/wallpaper/2025.4/Chapter2_2_8k_8_0819c.JPG'
INFO: 2025-05-13 23:33:46,734: trigger_download() 'Triggering download thread to check if download needed and possible'
INFO: 2025-05-13 23:36:45,411: regular_change_thread() 'regular_change changes wallpaper'
INFO: 2025-05-13 23:36:45,412: set_wallpaper() 'Calling set_wallpaper with /home/kozo/wallpaper/2024.8/Fragment_7_4k_a51f7.jpg'
INFO: 2025-05-13 23:36:45,412: do_set_wp() 'Calling do_set_wp with /home/kozo/wallpaper/2024.8/Fragment_7_4k_a51f7.jpg, time: 1747150605.412478'
INFO: 2025-05-13 23:36:45,412: prepare_thread() 'Prepared buffer contains 71 images'
INFO: 2025-05-13 23:36:45,418: update_indicator() 'Setting file info to: /home/kozo/wallpaper/2024.8/Fragment_7_4k_a51f7.jpg'
INFO: 2025-05-13 23:36:47,413: trigger_download() 'Triggering download thread to check if download needed and possible'
INFO: 2025-05-13 23:39:45,783: regular_change_thread() 'regular_change changes wallpaper'
INFO: 2025-05-13 23:39:45,783: set_wallpaper() 'Calling set_wallpaper with /home/kozo/wallpaper/2025.4/Chapter2_2_4k_5_253b8.JPG'
INFO: 2025-05-13 23:39:45,784: do_set_wp() 'Calling do_set_wp with /home/kozo/wallpaper/2025.4/Chapter2_2_4k_5_253b8.JPG, time: 1747150785.7842538'
INFO: 2025-05-13 23:39:45,784: prepare_thread() 'Prepared buffer contains 70 images'
INFO: 2025-05-13 23:39:45,793: update_indicator() 'Setting file info to: /home/kozo/wallpaper/2025.4/Chapter2_2_4k_5_253b8.JPG'
INFO: 2025-05-13 23:39:47,785: trigger_download() 'Triggering download thread to check if download needed and possible'
INFO: 2025-05-13 23:40:35,209: move_or_copy_file() 'Copied /home/kozo/wallpaper/2025.4/Chapter2_2_4k_5_253b8.JPG to /home/kozo/.config/variety/Favorites'
INFO: 2025-05-13 23:40:35,209: update_indicator() 'Setting file info to: /home/kozo/wallpaper/2025.4/Chapter2_2_4k_5_253b8.JPG'
